<?xml version="1.0" encoding="UTF-8"?>
<!-- Generated by org.testng.reporters.JUnitReportReporter -->
<testsuite hostname="SAMNIVETHA-DELL" failures="0" tests="1" name="RunnerMeesho.Runner_Meesho" time="11.310" errors="0" timestamp="22 Oct 2024 11:25:19 GMT" skipped="0">
  <testcase classname="RunnerMeesho.Runner_Meesho" name="runScenario" time="11.310"/>
</testsuite> <!-- RunnerMeesho.Runner_Meesho -->
