<?xml version="1.0" encoding="UTF-8"?>
<!-- Generated by org.testng.reporters.JUnitReportReporter -->
<testsuite hostname="SAMNIVETHA-DELL" failures="0" tests="1" name="RunnerLogin.Runner_Login_Class" time="14.641" errors="0" timestamp="22 Oct 2024 09:46:26 GMT" skipped="0">
  <testcase classname="RunnerLogin.Runner_Login_Class" name="runScenario" time="14.641"/>
</testsuite> <!-- RunnerLogin.Runner_Login_Class -->
